<?xml version="1.0" encoding="UTF-8"?>
<!-- Generated by org.testng.reporters.JUnitXMLReporter -->
<testsuite hostname="Roushan" name="testng" tests="3" failures="0" timestamp="25 Jul 2016 06:32:10 GMT" time="56.78" errors="0">
  <testcase name="launch" time="0.009" classname="com.ultimatix.functionaltests.LaunchMultiBrowser">
    <skipped/>
  </testcase> <!-- launch -->
  <testcase name="loginUltimatix_TC01" time="24.301" classname="com.ultimatix.functionaltests.LoginUx"/>
  <testcase name="loginUltimatix_TC01" time="27.826" classname="com.ultimatix.functionaltests.LoginUx"/>
</testsuite> <!-- testng -->
