<?xml version="1.0" encoding="UTF-8"?>
<testng-results skipped="0" failed="1" total="3" passed="2">
  <reporter-output>
  </reporter-output>
  <suite name="Suite" duration-ms="56780" started-at="2016-07-25T06:31:13Z" finished-at="2016-07-25T06:32:10Z">
    <groups>
    </groups>
    <test name="testng" duration-ms="56780" started-at="2016-07-25T06:31:13Z" finished-at="2016-07-25T06:32:10Z">
      <class name="com.ultimatix.functionaltests.LaunchMultiBrowser">
        <test-method status="FAIL" signature="launch(java.lang.String, java.lang.String, java.lang.String)[pri:0, instance:com.ultimatix.functionaltests.LaunchMultiBrowser@614c5515]" name="launch" duration-ms="0" started-at="2016-07-25T12:01:13Z" data-provider="getData_Lauch" finished-at="2016-07-25T12:01:13Z">
          <exception class="org.testng.TestNGException">
            <message>
              <![CDATA[
Method public void com.ultimatix.functionaltests.LaunchMultiBrowser.launch(java.lang.String,java.lang.String,java.lang.String) requires a @DataProvider named : getData_Lauch]]>
            </message>
            <full-stacktrace>
              <![CDATA[org.testng.TestNGException: 
Method public void com.ultimatix.functionaltests.LaunchMultiBrowser.launch(java.lang.String,java.lang.String,java.lang.String) requires a @DataProvider named : getData_Lauch
	at org.testng.internal.Parameters.findDataProvider(Parameters.java:265)
	at org.testng.internal.Parameters.handleParameters(Parameters.java:414)
	at org.testng.internal.Invoker.handleParameters(Invoker.java:1383)
	at org.testng.internal.Invoker.createParameters(Invoker.java:1075)
	at org.testng.internal.Invoker.invokeTestMethods(Invoker.java:1180)
	at org.testng.internal.TestMethodWorker.invokeTestMethods(TestMethodWorker.java:127)
	at org.testng.internal.TestMethodWorker.run(TestMethodWorker.java:111)
	at org.testng.TestRunner.privateRun(TestRunner.java:767)
	at org.testng.TestRunner.run(TestRunner.java:617)
	at org.testng.SuiteRunner.runTest(SuiteRunner.java:334)
	at org.testng.SuiteRunner.runSequentially(SuiteRunner.java:329)
	at org.testng.SuiteRunner.privateRun(SuiteRunner.java:291)
	at org.testng.SuiteRunner.run(SuiteRunner.java:240)
	at org.testng.SuiteRunnerWorker.runSuite(SuiteRunnerWorker.java:52)
	at org.testng.SuiteRunnerWorker.run(SuiteRunnerWorker.java:86)
	at org.testng.TestNG.runSuitesSequentially(TestNG.java:1198)
	at org.testng.TestNG.runSuitesLocally(TestNG.java:1123)
	at org.testng.TestNG.run(TestNG.java:1031)
	at org.apache.maven.surefire.testng.TestNGExecutor.run(TestNGExecutor.java:281)
	at org.apache.maven.surefire.testng.TestNGXmlTestSuite.execute(TestNGXmlTestSuite.java:75)
	at org.apache.maven.surefire.testng.TestNGProvider.invoke(TestNGProvider.java:121)
	at org.apache.maven.surefire.booter.ForkedBooter.invokeProviderInSameClassLoader(ForkedBooter.java:290)
	at org.apache.maven.surefire.booter.ForkedBooter.runSuitesInProcess(ForkedBooter.java:242)
	at org.apache.maven.surefire.booter.ForkedBooter.main(ForkedBooter.java:121)
]]>
            </full-stacktrace>
          </exception> <!-- org.testng.TestNGException -->
          <reporter-output>
          </reporter-output>
        </test-method> <!-- launch -->
      </class> <!-- com.ultimatix.functionaltests.LaunchMultiBrowser -->
      <class name="com.ultimatix.functionaltests.LoginUx">
        <test-method status="PASS" signature="createScreenShotDoc()[pri:0, instance:com.ultimatix.functionaltests.LoginUx@3a03464]" name="createScreenShotDoc" is-config="true" duration-ms="155" started-at="2016-07-25T12:01:16Z" finished-at="2016-07-25T12:01:17Z">
          <reporter-output>
          </reporter-output>
        </test-method> <!-- createScreenShotDoc -->
        <test-method status="PASS" signature="loginUltimatix_TC01(java.lang.String, java.lang.String, java.lang.String, java.lang.String)[pri:0, instance:com.ultimatix.functionaltests.LoginUx@3a03464]" name="loginUltimatix_TC01" duration-ms="24301" started-at="2016-07-25T12:01:17Z" data-provider="getData_LoginUx" finished-at="2016-07-25T12:01:41Z">
          <params>
            <param index="0">
              <value>
                <![CDATA[Chrome]]>
              </value>
            </param>
            <param index="1">
              <value>
                <![CDATA[https://www.ultimatix.net]]>
              </value>
            </param>
            <param index="2">
              <value>
                <![CDATA[roushan18]]>
              </value>
            </param>
            <param index="3">
              <value>
                <![CDATA[AUg@2016]]>
              </value>
            </param>
          </params>
          <reporter-output>
          </reporter-output>
        </test-method> <!-- loginUltimatix_TC01 -->
        <test-method status="PASS" signature="storeScreenShot()[pri:0, instance:com.ultimatix.functionaltests.LoginUx@3a03464]" name="storeScreenShot" is-config="true" duration-ms="868" started-at="2016-07-25T12:01:41Z" finished-at="2016-07-25T12:01:42Z">
          <reporter-output>
          </reporter-output>
        </test-method> <!-- storeScreenShot -->
        <test-method status="PASS" signature="createScreenShotDoc()[pri:0, instance:com.ultimatix.functionaltests.LoginUx@3a03464]" name="createScreenShotDoc" is-config="true" duration-ms="17" started-at="2016-07-25T12:01:42Z" finished-at="2016-07-25T12:01:42Z">
          <reporter-output>
          </reporter-output>
        </test-method> <!-- createScreenShotDoc -->
        <test-method status="PASS" signature="loginUltimatix_TC01(java.lang.String, java.lang.String, java.lang.String, java.lang.String)[pri:0, instance:com.ultimatix.functionaltests.LoginUx@3a03464]" name="loginUltimatix_TC01" duration-ms="27826" started-at="2016-07-25T12:01:42Z" data-provider="getData_LoginUx" finished-at="2016-07-25T12:02:10Z">
          <params>
            <param index="0">
              <value>
                <![CDATA[Mozilla]]>
              </value>
            </param>
            <param index="1">
              <value>
                <![CDATA[https://www.ultimatix.net]]>
              </value>
            </param>
            <param index="2">
              <value>
                <![CDATA[roushan18]]>
              </value>
            </param>
            <param index="3">
              <value>
                <![CDATA[AUg@2016]]>
              </value>
            </param>
          </params>
          <reporter-output>
          </reporter-output>
        </test-method> <!-- loginUltimatix_TC01 -->
        <test-method status="PASS" signature="storeScreenShot()[pri:0, instance:com.ultimatix.functionaltests.LoginUx@3a03464]" name="storeScreenShot" is-config="true" duration-ms="209" started-at="2016-07-25T12:02:10Z" finished-at="2016-07-25T12:02:10Z">
          <reporter-output>
          </reporter-output>
        </test-method> <!-- storeScreenShot -->
      </class> <!-- com.ultimatix.functionaltests.LoginUx -->
    </test> <!-- testng -->
  </suite> <!-- Suite -->
</testng-results>
