<?xml version="1.0" encoding="UTF-8"?>
<testsuite xmlns:xsi="http://www.w3.org/2001/XMLSchema-instance" xsi:schemaLocation="https://maven.apache.org/surefire/maven-surefire-plugin/xsd/surefire-test-report.xsd" name="TestSuite" time="58.725" tests="3" errors="0" skipped="1" failures="0">
  <properties>
[...]
</properties>
  <testcase name="launch" classname="com.ultimatix.functionaltests.LaunchMultiBrowser" time="0">
    <skipped message="&#10;Method public void com.ultimatix.functionaltests.LaunchMultiBrowser.launch(java.lang.String,java.lang.String,java.lang.String) requires a @DataProvider named : getData_Lauch"/>
  </testcase>
  <testcase name="loginUltimatix_TC01" classname="com.ultimatix.functionaltests.LoginUx" time="24.302"/>
  <testcase name="loginUltimatix_TC01" classname="com.ultimatix.functionaltests.LoginUx" time="27.827"/>
</testsuite>