<?xml version="1.0" encoding="UTF-8"?>
<testng-results skipped="0" failed="0" total="1" passed="1">
  <reporter-output>
  </reporter-output>
  <suite name="Suite" duration-ms="41354" started-at="2016-08-01T05:27:33Z" finished-at="2016-08-01T05:28:14Z">
    <groups>
    </groups>
    <test name="Test" duration-ms="41354" started-at="2016-08-01T05:27:33Z" finished-at="2016-08-01T05:28:14Z">
      <class name="com.ultimatix.functionaltests.VisaStatus">
        <test-method status="PASS" signature="createScreenShotDoc()[pri:0, instance:com.ultimatix.functionaltests.VisaStatus@3567135c]" name="createScreenShotDoc" is-config="true" duration-ms="830" started-at="2016-08-01T10:57:32Z" finished-at="2016-08-01T10:57:33Z">
          <reporter-output>
          </reporter-output>
        </test-method> <!-- createScreenShotDoc -->
        <test-method status="PASS" signature="loginUx()[pri:0, instance:com.ultimatix.functionaltests.VisaStatus@3567135c]" name="loginUx" is-config="true" duration-ms="28656" started-at="2016-08-01T10:57:33Z" finished-at="2016-08-01T10:58:02Z">
          <reporter-output>
          </reporter-output>
        </test-method> <!-- loginUx -->
        <test-method status="PASS" signature="CheckVisaStatus()[pri:0, instance:com.ultimatix.functionaltests.VisaStatus@3567135c]" name="CheckVisaStatus" duration-ms="11704" started-at="2016-08-01T10:58:02Z" finished-at="2016-08-01T10:58:13Z">
          <reporter-output>
          </reporter-output>
        </test-method> <!-- CheckVisaStatus -->
        <test-method status="PASS" signature="logout_Visa()[pri:0, instance:com.ultimatix.functionaltests.VisaStatus@3567135c]" name="logout_Visa" is-config="true" duration-ms="374" started-at="2016-08-01T10:58:13Z" finished-at="2016-08-01T10:58:14Z">
          <reporter-output>
          </reporter-output>
        </test-method> <!-- logout_Visa -->
        <test-method status="PASS" signature="logout()[pri:0, instance:com.ultimatix.functionaltests.VisaStatus@3567135c]" name="logout" is-config="true" duration-ms="601" started-at="2016-08-01T10:58:14Z" finished-at="2016-08-01T10:58:14Z">
          <reporter-output>
          </reporter-output>
        </test-method> <!-- logout -->
        <test-method status="PASS" signature="storeScreenShot()[pri:0, instance:com.ultimatix.functionaltests.VisaStatus@3567135c]" name="storeScreenShot" is-config="true" duration-ms="14" started-at="2016-08-01T10:58:15Z" finished-at="2016-08-01T10:58:15Z">
          <reporter-output>
          </reporter-output>
        </test-method> <!-- storeScreenShot -->
      </class> <!-- com.ultimatix.functionaltests.VisaStatus -->
    </test> <!-- Test -->
  </suite> <!-- Suite -->
</testng-results>
