<?xml version="1.0" encoding="UTF-8"?>
<testng-results skipped="0" failed="0" total="1" passed="1">
  <reporter-output>
  </reporter-output>
  <suite name="Default suite" duration-ms="54327" started-at="2016-07-31T08:03:39Z" finished-at="2016-07-31T08:04:34Z">
    <groups>
    </groups>
    <test name="Default test" duration-ms="54327" started-at="2016-07-31T08:03:39Z" finished-at="2016-07-31T08:04:34Z">
      <class name="com.ultimatix.functionaltests.VisaStatus">
        <test-method status="PASS" signature="createScreenShotDoc()[pri:0, instance:com.ultimatix.functionaltests.VisaStatus@4883b407]" name="createScreenShotDoc" is-config="true" duration-ms="1081" started-at="2016-07-31T13:33:38Z" finished-at="2016-07-31T13:33:39Z">
          <reporter-output>
          </reporter-output>
        </test-method> <!-- createScreenShotDoc -->
        <test-method status="PASS" signature="loginUx()[pri:0, instance:com.ultimatix.functionaltests.VisaStatus@4883b407]" name="loginUx" is-config="true" duration-ms="41131" started-at="2016-07-31T13:33:39Z" finished-at="2016-07-31T13:34:21Z">
          <reporter-output>
          </reporter-output>
        </test-method> <!-- loginUx -->
        <test-method status="PASS" signature="CheckVisaStatus()[pri:0, instance:com.ultimatix.functionaltests.VisaStatus@4883b407]" name="CheckVisaStatus" duration-ms="12159" started-at="2016-07-31T13:34:21Z" finished-at="2016-07-31T13:34:33Z">
          <reporter-output>
          </reporter-output>
        </test-method> <!-- CheckVisaStatus -->
        <test-method status="PASS" signature="logout_Visa()[pri:0, instance:com.ultimatix.functionaltests.VisaStatus@4883b407]" name="logout_Visa" is-config="true" duration-ms="276" started-at="2016-07-31T13:34:33Z" finished-at="2016-07-31T13:34:33Z">
          <reporter-output>
          </reporter-output>
        </test-method> <!-- logout_Visa -->
        <test-method status="PASS" signature="logout()[pri:0, instance:com.ultimatix.functionaltests.VisaStatus@4883b407]" name="logout" is-config="true" duration-ms="732" started-at="2016-07-31T13:34:33Z" finished-at="2016-07-31T13:34:34Z">
          <reporter-output>
          </reporter-output>
        </test-method> <!-- logout -->
        <test-method status="PASS" signature="storeScreenShot()[pri:0, instance:com.ultimatix.functionaltests.VisaStatus@4883b407]" name="storeScreenShot" is-config="true" duration-ms="1280" started-at="2016-07-31T13:34:34Z" finished-at="2016-07-31T13:34:35Z">
          <reporter-output>
          </reporter-output>
        </test-method> <!-- storeScreenShot -->
      </class> <!-- com.ultimatix.functionaltests.VisaStatus -->
    </test> <!-- Default test -->
  </suite> <!-- Default suite -->
</testng-results>
